{"/Users/mirandaquinene/Desktop/Web Development/WDV353-1/testViaJest/viaJest.js": {"path":"/Users/mirandaquinene/Desktop/Web Development/WDV353-1/testViaJest/viaJest.js","statementMap":{"0":{"start":{"line":7,"column":18},"end":{"line":7,"column":44}},"1":{"start":{"line":7,"column":27},"end":{"line":7,"column":44}},"2":{"start":{"line":8,"column":18},"end":{"line":8,"column":44}},"3":{"start":{"line":8,"column":27},"end":{"line":8,"column":44}},"4":{"start":{"line":10,"column":0},"end":{"line":13,"column":2}}},"fnMap":{"0":{"name":"(anonymous_0)","decl":{"start":{"line":7,"column":18},"end":{"line":7,"column":19}},"loc":{"start":{"line":7,"column":27},"end":{"line":7,"column":44}},"line":7},"1":{"name":"(anonymous_1)","decl":{"start":{"line":8,"column":18},"end":{"line":8,"column":19}},"loc":{"start":{"line":8,"column":27},"end":{"line":8,"column":44}},"line":8}},"branchMap":{},"s":{"0":1,"1":1,"2":1,"3":1,"4":1},"f":{"0":1,"1":1},"b":{},"_coverageSchema":"1a1c01bbd47fc00a2c39e90264f33305004495a9","hash":"41ad3a1a0786809a0eaee683cc06484545ae0243"}
}
